-------------------------------------------------------------------------------
Test set: features.member.searchMemberRunner
-------------------------------------------------------------------------------
Tests run: 1, Failures: 0, Errors: 1, Skipped: 0, Time elapsed: 0.387 s <<< FAILURE! - in features.member.searchMemberRunner
features.member.searchMemberRunner.testAll  Time elapsed: 0.371 s  <<< ERROR!
java.lang.ExceptionInInitializerError
Caused by: java.lang.NullPointerException: Cannot invoke "javax.script.ScriptEngine.createBindings()" because "com.intuit.karate.ScriptBindings.NASHORN" is null

